c:\users\plgrmal\desktop\libusb-master\win32\debug\lib\libusb-1.0\libusb-1.0.pdb
c:\users\plgrmal\desktop\libusb-master\win32\debug\lib\libusb-1.0\windows_winusb.obj
c:\users\plgrmal\desktop\libusb-master\win32\debug\lib\libusb-1.0\windows_nt_common.obj
c:\users\plgrmal\desktop\libusb-master\win32\debug\lib\libusb-1.0\threads_windows.obj
c:\users\plgrmal\desktop\libusb-master\win32\debug\lib\libusb-1.0\sync.obj
c:\users\plgrmal\desktop\libusb-master\win32\debug\lib\libusb-1.0\strerror.obj
c:\users\plgrmal\desktop\libusb-master\win32\debug\lib\libusb-1.0\poll_windows.obj
c:\users\plgrmal\desktop\libusb-master\win32\debug\lib\libusb-1.0\io.obj
c:\users\plgrmal\desktop\libusb-master\win32\debug\lib\libusb-1.0\hotplug.obj
c:\users\plgrmal\desktop\libusb-master\win32\debug\lib\libusb-1.0\descriptor.obj
c:\users\plgrmal\desktop\libusb-master\win32\debug\lib\libusb-1.0\core.obj
c:\users\plgrmal\desktop\libusb-master\win32\debug\lib\libusb-1.0.lib
d:\dropbox\programowanie\c\airquality\libusb-master\win32\debug\lib\libusb-1.0\core.obj
d:\dropbox\programowanie\c\airquality\libusb-master\win32\debug\lib\libusb-1.0\descriptor.obj
d:\dropbox\programowanie\c\airquality\libusb-master\win32\debug\lib\libusb-1.0\hotplug.obj
d:\dropbox\programowanie\c\airquality\libusb-master\win32\debug\lib\libusb-1.0\io.obj
d:\dropbox\programowanie\c\airquality\libusb-master\win32\debug\lib\libusb-1.0\poll_windows.obj
d:\dropbox\programowanie\c\airquality\libusb-master\win32\debug\lib\libusb-1.0\strerror.obj
d:\dropbox\programowanie\c\airquality\libusb-master\win32\debug\lib\libusb-1.0\sync.obj
d:\dropbox\programowanie\c\airquality\libusb-master\win32\debug\lib\libusb-1.0\threads_windows.obj
d:\dropbox\programowanie\c\airquality\libusb-master\win32\debug\lib\libusb-1.0\windows_nt_common.obj
d:\dropbox\programowanie\c\airquality\libusb-master\win32\debug\lib\libusb-1.0\windows_winusb.obj
d:\dropbox\programowanie\c\airquality\libusb-master\win32\debug\lib\libusb-1.0\libusb-1.0.pdb
d:\dropbox\programowanie\c\airquality\libusb-master\msvc\..\win32\debug\lib\libusb-1.0.pdb
d:\dropbox\programowanie\c\airquality\libusb-master\msvc\..\win32\debug\lib\libusb-1.0.lib
d:\dropbox\programowanie\c\airquality\libusb-master\win32\debug\lib\libusb-1.0\libusb-1.349ee8f9.tlog\cl.command.1.tlog
d:\dropbox\programowanie\c\airquality\libusb-master\win32\debug\lib\libusb-1.0\libusb-1.349ee8f9.tlog\cl.read.1.tlog
d:\dropbox\programowanie\c\airquality\libusb-master\win32\debug\lib\libusb-1.0\libusb-1.349ee8f9.tlog\cl.write.1.tlog
d:\dropbox\programowanie\c\airquality\libusb-master\win32\debug\lib\libusb-1.0\libusb-1.349ee8f9.tlog\lib-link.write.1.tlog
d:\dropbox\programowanie\c\airquality\libusb-master\win32\debug\lib\libusb-1.0\libusb-1.349ee8f9.tlog\lib.command.1.tlog
d:\dropbox\programowanie\c\airquality\libusb-master\win32\debug\lib\libusb-1.0\libusb-1.349ee8f9.tlog\lib.read.1.tlog
